<?xml version="1.0" encoding="UTF-8"?>
<!-- Generated by org.testng.reporters.JUnitReportReporter -->
<testsuite hostname="ADMINRG-P2OQR4O" failures="0" tests="1" name="utils.SampleTest" time="10.317" errors="0" timestamp="25 Oct 2022 14:53:02 GMT">
  <testcase classname="utils.SampleTest" name="sampleMethodForEmailEntering" time="10.317"/>
</testsuite> <!-- utils.SampleTest -->
